Log started at: 2024-10-30 14:44:42
WATER-=-=-=-=-=-=-=-=-=-=-=-=-=-=-=-=-=-=-=-=-=-=-=-=-=-=-=-=-=-=-=-=-=
=-=-=-=-=-=-=-=-=-=-=-=-OpenMM Output-=-=-=-=-=-=-=-=-=-=-=-=-=-=-=-=-=
total Energy = -24.14799427986145 kJ/mol
<class 'openmm.openmm.NonbondedForce'>-26.1219482421875 kJ/mol
<class 'openmm.openmm.DrudeForce'>1.9739539623260498 kJ/mol
<class 'openmm.openmm.CMMotionRemover'>0.0 kJ/mol
Unable to initialize backend 'rocm': module 'jaxlib.xla_extension' has no attribute 'GpuAllocatorConfig'
Unable to initialize backend 'tpu': INTERNAL: Failed to open libtpu.so: libtpu.so: cannot open shared object file: No such file or directory
=-=-=-=-=-=-=-=-=-=-=-=-OpenMM Output-=-=-=-=-=-=-=-=-=-=-=-=-=-=-=-=-=
total Energy = -24.14799427986145 kJ/mol
<class 'openmm.openmm.NonbondedForce'>-26.1219482421875 kJ/mol
<class 'openmm.openmm.DrudeForce'>1.9739539623260498 kJ/mol
<class 'openmm.openmm.CMMotionRemover'>0.0 kJ/mol
JAXOPT.BFGS Minimizer completed in 36.087 seconds!!
OpenMM U_ind = -24.1480 kJ/mol
Python U_ind = -115.0638 kJ/mol
79.01% Error
=-=-=-=-=-=-=-=-=-=-=-=-=-=-=-=-=-=-=-=-=-=-=-=-=-=-=-=-=-=-=-=-=-=-=-=

ACETONITRILE=-=-=-=-=-=-=-=-=-=-=-=-=-=-=-=-=-=-=-=-=-=-=-=-=-=-=-=-=-=
=-=-=-=-=-=-=-=-=-=-=-=-OpenMM Output-=-=-=-=-=-=-=-=-=-=-=-=-=-=-=-=-=
total Energy = 8.728940725326538 kJ/mol
<class 'openmm.openmm.NonbondedForce'>7.776803970336914 kJ/mol
<class 'openmm.openmm.DrudeForce'>0.952136754989624 kJ/mol
<class 'openmm.openmm.CMMotionRemover'>0.0 kJ/mol
=-=-=-=-=-=-=-=-=-=-=-=-OpenMM Output-=-=-=-=-=-=-=-=-=-=-=-=-=-=-=-=-=
total Energy = 8.728940725326538 kJ/mol
<class 'openmm.openmm.NonbondedForce'>7.776803970336914 kJ/mol
<class 'openmm.openmm.DrudeForce'>0.952136754989624 kJ/mol
<class 'openmm.openmm.CMMotionRemover'>0.0 kJ/mol
JAXOPT.BFGS Minimizer completed in 6.631 seconds!!
OpenMM U_ind = 8.7289 kJ/mol
Python U_ind = -89.1812 kJ/mol
109.79% Error
=-=-=-=-=-=-=-=-=-=-=-=-=-=-=-=-=-=-=-=-=-=-=-=-=-=-=-=-=-=-=-=-=-=-=-=

Log started at: 2024-10-30 14:47:02
WATER-=-=-=-=-=-=-=-=-=-=-=-=-=-=-=-=-=-=-=-=-=-=-=-=-=-=-=-=-=-=-=-=-=
=-=-=-=-=-=-=-=-=-=-=-=-OpenMM Output-=-=-=-=-=-=-=-=-=-=-=-=-=-=-=-=-=
total Energy = -24.14799427986145 kJ/mol
<class 'openmm.openmm.NonbondedForce'>-26.1219482421875 kJ/mol
<class 'openmm.openmm.DrudeForce'>1.9739539623260498 kJ/mol
<class 'openmm.openmm.CMMotionRemover'>0.0 kJ/mol
Unable to initialize backend 'rocm': module 'jaxlib.xla_extension' has no attribute 'GpuAllocatorConfig'
Unable to initialize backend 'tpu': INTERNAL: Failed to open libtpu.so: libtpu.so: cannot open shared object file: No such file or directory
=-=-=-=-=-=-=-=-=-=-=-=-OpenMM Output-=-=-=-=-=-=-=-=-=-=-=-=-=-=-=-=-=
total Energy = -24.14799427986145 kJ/mol
<class 'openmm.openmm.NonbondedForce'>-26.1219482421875 kJ/mol
<class 'openmm.openmm.DrudeForce'>1.9739539623260498 kJ/mol
<class 'openmm.openmm.CMMotionRemover'>0.0 kJ/mol
JAXOPT.BFGS Minimizer completed in 17.025 seconds!!
OpenMM U_ind = -24.1480 kJ/mol
Python U_ind = -114.4635 kJ/mol
78.90% Error
=-=-=-=-=-=-=-=-=-=-=-=-=-=-=-=-=-=-=-=-=-=-=-=-=-=-=-=-=-=-=-=-=-=-=-=

ACETONITRILE=-=-=-=-=-=-=-=-=-=-=-=-=-=-=-=-=-=-=-=-=-=-=-=-=-=-=-=-=-=
=-=-=-=-=-=-=-=-=-=-=-=-OpenMM Output-=-=-=-=-=-=-=-=-=-=-=-=-=-=-=-=-=
total Energy = 8.728940725326538 kJ/mol
<class 'openmm.openmm.NonbondedForce'>7.776803970336914 kJ/mol
<class 'openmm.openmm.DrudeForce'>0.952136754989624 kJ/mol
<class 'openmm.openmm.CMMotionRemover'>0.0 kJ/mol
=-=-=-=-=-=-=-=-=-=-=-=-OpenMM Output-=-=-=-=-=-=-=-=-=-=-=-=-=-=-=-=-=
total Energy = 8.728940725326538 kJ/mol
<class 'openmm.openmm.NonbondedForce'>7.776803970336914 kJ/mol
<class 'openmm.openmm.DrudeForce'>0.952136754989624 kJ/mol
<class 'openmm.openmm.CMMotionRemover'>0.0 kJ/mol
JAXOPT.BFGS Minimizer completed in 6.827 seconds!!
OpenMM U_ind = 8.7289 kJ/mol
Python U_ind = -75.9040 kJ/mol
111.50% Error
=-=-=-=-=-=-=-=-=-=-=-=-=-=-=-=-=-=-=-=-=-=-=-=-=-=-=-=-=-=-=-=-=-=-=-=

Log started at: 2024-10-30 14:53:09
WATER-=-=-=-=-=-=-=-=-=-=-=-=-=-=-=-=-=-=-=-=-=-=-=-=-=-=-=-=-=-=-=-=-=
=-=-=-=-=-=-=-=-=-=-=-=-OpenMM Output-=-=-=-=-=-=-=-=-=-=-=-=-=-=-=-=-=
total Energy = -24.14799427986145 kJ/mol
<class 'openmm.openmm.NonbondedForce'>-26.1219482421875 kJ/mol
<class 'openmm.openmm.DrudeForce'>1.9739539623260498 kJ/mol
<class 'openmm.openmm.CMMotionRemover'>0.0 kJ/mol
Unable to initialize backend 'rocm': module 'jaxlib.xla_extension' has no attribute 'GpuAllocatorConfig'
Unable to initialize backend 'tpu': INTERNAL: Failed to open libtpu.so: libtpu.so: cannot open shared object file: No such file or directory
=-=-=-=-=-=-=-=-=-=-=-=-OpenMM Output-=-=-=-=-=-=-=-=-=-=-=-=-=-=-=-=-=
total Energy = -24.14799427986145 kJ/mol
<class 'openmm.openmm.NonbondedForce'>-26.1219482421875 kJ/mol
<class 'openmm.openmm.DrudeForce'>1.9739539623260498 kJ/mol
<class 'openmm.openmm.CMMotionRemover'>0.0 kJ/mol
JAXOPT.BFGS Minimizer completed in 17.008 seconds!!
OpenMM U_ind = -24.1480 kJ/mol
Python U_ind = -24.1408 kJ/mol
0.03% Error
=-=-=-=-=-=-=-=-=-=-=-=-=-=-=-=-=-=-=-=-=-=-=-=-=-=-=-=-=-=-=-=-=-=-=-=

ACETONITRILE=-=-=-=-=-=-=-=-=-=-=-=-=-=-=-=-=-=-=-=-=-=-=-=-=-=-=-=-=-=
=-=-=-=-=-=-=-=-=-=-=-=-OpenMM Output-=-=-=-=-=-=-=-=-=-=-=-=-=-=-=-=-=
total Energy = 8.728940725326538 kJ/mol
<class 'openmm.openmm.NonbondedForce'>7.776803970336914 kJ/mol
<class 'openmm.openmm.DrudeForce'>0.952136754989624 kJ/mol
<class 'openmm.openmm.CMMotionRemover'>0.0 kJ/mol
=-=-=-=-=-=-=-=-=-=-=-=-OpenMM Output-=-=-=-=-=-=-=-=-=-=-=-=-=-=-=-=-=
total Energy = 8.728940725326538 kJ/mol
<class 'openmm.openmm.NonbondedForce'>7.776803970336914 kJ/mol
<class 'openmm.openmm.DrudeForce'>0.952136754989624 kJ/mol
<class 'openmm.openmm.CMMotionRemover'>0.0 kJ/mol
JAXOPT.BFGS Minimizer completed in 6.511 seconds!!
OpenMM U_ind = 8.7289 kJ/mol
Python U_ind = 7.7043 kJ/mol
13.30% Error
=-=-=-=-=-=-=-=-=-=-=-=-=-=-=-=-=-=-=-=-=-=-=-=-=-=-=-=-=-=-=-=-=-=-=-=

Log started at: 2024-10-30 14:56:04
WATER-=-=-=-=-=-=-=-=-=-=-=-=-=-=-=-=-=-=-=-=-=-=-=-=-=-=-=-=-=-=-=-=-=
=-=-=-=-=-=-=-=-=-=-=-=-OpenMM Output-=-=-=-=-=-=-=-=-=-=-=-=-=-=-=-=-=
total Energy = -24.14799427986145 kJ/mol
<class 'openmm.openmm.NonbondedForce'>-26.1219482421875 kJ/mol
<class 'openmm.openmm.DrudeForce'>1.9739539623260498 kJ/mol
<class 'openmm.openmm.CMMotionRemover'>0.0 kJ/mol
Unable to initialize backend 'rocm': module 'jaxlib.xla_extension' has no attribute 'GpuAllocatorConfig'
Unable to initialize backend 'tpu': INTERNAL: Failed to open libtpu.so: libtpu.so: cannot open shared object file: No such file or directory
=-=-=-=-=-=-=-=-=-=-=-=-OpenMM Output-=-=-=-=-=-=-=-=-=-=-=-=-=-=-=-=-=
total Energy = -24.14799427986145 kJ/mol
<class 'openmm.openmm.NonbondedForce'>-26.1219482421875 kJ/mol
<class 'openmm.openmm.DrudeForce'>1.9739539623260498 kJ/mol
<class 'openmm.openmm.CMMotionRemover'>0.0 kJ/mol
JAXOPT.BFGS Minimizer completed in 21.760 seconds!!
OpenMM U_ind = -24.1480 kJ/mol
Python U_ind = -24.1408 kJ/mol
0.03% Error
=-=-=-=-=-=-=-=-=-=-=-=-=-=-=-=-=-=-=-=-=-=-=-=-=-=-=-=-=-=-=-=-=-=-=-=

ACETONITRILE=-=-=-=-=-=-=-=-=-=-=-=-=-=-=-=-=-=-=-=-=-=-=-=-=-=-=-=-=-=
=-=-=-=-=-=-=-=-=-=-=-=-OpenMM Output-=-=-=-=-=-=-=-=-=-=-=-=-=-=-=-=-=
total Energy = 8.728940725326538 kJ/mol
<class 'openmm.openmm.NonbondedForce'>7.776803970336914 kJ/mol
<class 'openmm.openmm.DrudeForce'>0.952136754989624 kJ/mol
<class 'openmm.openmm.CMMotionRemover'>0.0 kJ/mol
=-=-=-=-=-=-=-=-=-=-=-=-OpenMM Output-=-=-=-=-=-=-=-=-=-=-=-=-=-=-=-=-=
total Energy = 8.728940725326538 kJ/mol
<class 'openmm.openmm.NonbondedForce'>7.776803970336914 kJ/mol
<class 'openmm.openmm.DrudeForce'>0.952136754989624 kJ/mol
<class 'openmm.openmm.CMMotionRemover'>0.0 kJ/mol
JAXOPT.BFGS Minimizer completed in 7.299 seconds!!
OpenMM U_ind = 8.7289 kJ/mol
Python U_ind = 7.7043 kJ/mol
13.30% Error
=-=-=-=-=-=-=-=-=-=-=-=-=-=-=-=-=-=-=-=-=-=-=-=-=-=-=-=-=-=-=-=-=-=-=-=

Log started at: 2024-10-30 15:49:53
WATER-=-=-=-=-=-=-=-=-=-=-=-=-=-=-=-=-=-=-=-=-=-=-=-=-=-=-=-=-=-=-=-=-=
=-=-=-=-=-=-=-=-=-=-=-=-OpenMM Output-=-=-=-=-=-=-=-=-=-=-=-=-=-=-=-=-=
total Energy = -24.14799427986145 kJ/mol
<class 'openmm.openmm.NonbondedForce'>-26.1219482421875 kJ/mol
<class 'openmm.openmm.DrudeForce'>1.9739539623260498 kJ/mol
<class 'openmm.openmm.CMMotionRemover'>0.0 kJ/mol
Log started at: 2024-10-30 15:50:22
WATER-=-=-=-=-=-=-=-=-=-=-=-=-=-=-=-=-=-=-=-=-=-=-=-=-=-=-=-=-=-=-=-=-=
=-=-=-=-=-=-=-=-=-=-=-=-OpenMM Output-=-=-=-=-=-=-=-=-=-=-=-=-=-=-=-=-=
total Energy = -24.14799427986145 kJ/mol
<class 'openmm.openmm.NonbondedForce'>-26.1219482421875 kJ/mol
<class 'openmm.openmm.DrudeForce'>1.9739539623260498 kJ/mol
<class 'openmm.openmm.CMMotionRemover'>0.0 kJ/mol
Log started at: 2024-10-30 15:50:46
WATER-=-=-=-=-=-=-=-=-=-=-=-=-=-=-=-=-=-=-=-=-=-=-=-=-=-=-=-=-=-=-=-=-=
=-=-=-=-=-=-=-=-=-=-=-=-OpenMM Output-=-=-=-=-=-=-=-=-=-=-=-=-=-=-=-=-=
total Energy = -24.14799427986145 kJ/mol
<class 'openmm.openmm.NonbondedForce'>-26.1219482421875 kJ/mol
<class 'openmm.openmm.DrudeForce'>1.9739539623260498 kJ/mol
<class 'openmm.openmm.CMMotionRemover'>0.0 kJ/mol
Unable to initialize backend 'rocm': module 'jaxlib.xla_extension' has no attribute 'GpuAllocatorConfig'
Unable to initialize backend 'tpu': INTERNAL: Failed to open libtpu.so: libtpu.so: cannot open shared object file: No such file or directory
Log started at: 2024-10-30 15:51:36
WATER-=-=-=-=-=-=-=-=-=-=-=-=-=-=-=-=-=-=-=-=-=-=-=-=-=-=-=-=-=-=-=-=-=
=-=-=-=-=-=-=-=-=-=-=-=-OpenMM Output-=-=-=-=-=-=-=-=-=-=-=-=-=-=-=-=-=
total Energy = -24.14799427986145 kJ/mol
<class 'openmm.openmm.NonbondedForce'>-26.1219482421875 kJ/mol
<class 'openmm.openmm.DrudeForce'>1.9739539623260498 kJ/mol
<class 'openmm.openmm.CMMotionRemover'>0.0 kJ/mol
Unable to initialize backend 'rocm': module 'jaxlib.xla_extension' has no attribute 'GpuAllocatorConfig'
Unable to initialize backend 'tpu': INTERNAL: Failed to open libtpu.so: libtpu.so: cannot open shared object file: No such file or directory
Log started at: 2024-10-30 15:59:23
WATER-=-=-=-=-=-=-=-=-=-=-=-=-=-=-=-=-=-=-=-=-=-=-=-=-=-=-=-=-=-=-=-=-=
=-=-=-=-=-=-=-=-=-=-=-=-OpenMM Output-=-=-=-=-=-=-=-=-=-=-=-=-=-=-=-=-=
total Energy = -24.14799427986145 kJ/mol
<class 'openmm.openmm.NonbondedForce'>-26.1219482421875 kJ/mol
<class 'openmm.openmm.DrudeForce'>1.9739539623260498 kJ/mol
<class 'openmm.openmm.CMMotionRemover'>0.0 kJ/mol
Log started at: 2024-10-30 16:01:41
WATER-=-=-=-=-=-=-=-=-=-=-=-=-=-=-=-=-=-=-=-=-=-=-=-=-=-=-=-=-=-=-=-=-=
=-=-=-=-=-=-=-=-=-=-=-=-OpenMM Output-=-=-=-=-=-=-=-=-=-=-=-=-=-=-=-=-=
total Energy = -24.14799427986145 kJ/mol
<class 'openmm.openmm.NonbondedForce'>-26.1219482421875 kJ/mol
<class 'openmm.openmm.DrudeForce'>1.9739539623260498 kJ/mol
<class 'openmm.openmm.CMMotionRemover'>0.0 kJ/mol
Log started at: 2024-10-30 16:02:59
WATER-=-=-=-=-=-=-=-=-=-=-=-=-=-=-=-=-=-=-=-=-=-=-=-=-=-=-=-=-=-=-=-=-=
=-=-=-=-=-=-=-=-=-=-=-=-OpenMM Output-=-=-=-=-=-=-=-=-=-=-=-=-=-=-=-=-=
total Energy = -24.14799427986145 kJ/mol
<class 'openmm.openmm.NonbondedForce'>-26.1219482421875 kJ/mol
<class 'openmm.openmm.DrudeForce'>1.9739539623260498 kJ/mol
<class 'openmm.openmm.CMMotionRemover'>0.0 kJ/mol
Log started at: 2024-10-30 16:38:51
ACETONITRILE=-=-=-=-=-=-=-=-=-=-=-=-=-=-=-=-=-=-=-=-=-=-=-=-=-=-=-=-=-=
=-=-=-=-=-=-=-=-=-=-=-=-OpenMM Output-=-=-=-=-=-=-=-=-=-=-=-=-=-=-=-=-=
total Energy = 8.728940725326538 kJ/mol
<class 'openmm.openmm.NonbondedForce'>7.776803970336914 kJ/mol
<class 'openmm.openmm.DrudeForce'>0.952136754989624 kJ/mol
<class 'openmm.openmm.CMMotionRemover'>0.0 kJ/mol
Unable to initialize backend 'rocm': module 'jaxlib.xla_extension' has no attribute 'GpuAllocatorConfig'
Unable to initialize backend 'tpu': INTERNAL: Failed to open libtpu.so: libtpu.so: cannot open shared object file: No such file or directory
Log started at: 2024-10-30 16:49:52
ACETONITRILE=-=-=-=-=-=-=-=-=-=-=-=-=-=-=-=-=-=-=-=-=-=-=-=-=-=-=-=-=-=
=-=-=-=-=-=-=-=-=-=-=-=-OpenMM Output-=-=-=-=-=-=-=-=-=-=-=-=-=-=-=-=-=
total Energy = 8.728940725326538 kJ/mol
<class 'openmm.openmm.NonbondedForce'>7.776803970336914 kJ/mol
<class 'openmm.openmm.DrudeForce'>0.952136754989624 kJ/mol
<class 'openmm.openmm.CMMotionRemover'>0.0 kJ/mol
Log started at: 2024-10-30 16:51:26
ACETONITRILE=-=-=-=-=-=-=-=-=-=-=-=-=-=-=-=-=-=-=-=-=-=-=-=-=-=-=-=-=-=
=-=-=-=-=-=-=-=-=-=-=-=-OpenMM Output-=-=-=-=-=-=-=-=-=-=-=-=-=-=-=-=-=
total Energy = 8.728940725326538 kJ/mol
<class 'openmm.openmm.NonbondedForce'>7.776803970336914 kJ/mol
<class 'openmm.openmm.DrudeForce'>0.952136754989624 kJ/mol
<class 'openmm.openmm.CMMotionRemover'>0.0 kJ/mol
Log started at: 2024-10-30 16:54:33
ACETONITRILE=-=-=-=-=-=-=-=-=-=-=-=-=-=-=-=-=-=-=-=-=-=-=-=-=-=-=-=-=-=
=-=-=-=-=-=-=-=-=-=-=-=-OpenMM Output-=-=-=-=-=-=-=-=-=-=-=-=-=-=-=-=-=
total Energy = 8.728940725326538 kJ/mol
<class 'openmm.openmm.NonbondedForce'>7.776803970336914 kJ/mol
<class 'openmm.openmm.DrudeForce'>0.952136754989624 kJ/mol
<class 'openmm.openmm.CMMotionRemover'>0.0 kJ/mol
Log started at: 2024-10-30 16:56:24
ACETONITRILE=-=-=-=-=-=-=-=-=-=-=-=-=-=-=-=-=-=-=-=-=-=-=-=-=-=-=-=-=-=
=-=-=-=-=-=-=-=-=-=-=-=-OpenMM Output-=-=-=-=-=-=-=-=-=-=-=-=-=-=-=-=-=
total Energy = 8.728940725326538 kJ/mol
<class 'openmm.openmm.NonbondedForce'>7.776803970336914 kJ/mol
<class 'openmm.openmm.DrudeForce'>0.952136754989624 kJ/mol
<class 'openmm.openmm.CMMotionRemover'>0.0 kJ/mol
Log started at: 2024-10-30 16:57:19
ACETONITRILE=-=-=-=-=-=-=-=-=-=-=-=-=-=-=-=-=-=-=-=-=-=-=-=-=-=-=-=-=-=
=-=-=-=-=-=-=-=-=-=-=-=-OpenMM Output-=-=-=-=-=-=-=-=-=-=-=-=-=-=-=-=-=
total Energy = 8.728940725326538 kJ/mol
<class 'openmm.openmm.NonbondedForce'>7.776803970336914 kJ/mol
<class 'openmm.openmm.DrudeForce'>0.952136754989624 kJ/mol
<class 'openmm.openmm.CMMotionRemover'>0.0 kJ/mol
