Log started at: 2024-11-04 20:07:33
%%%%%%%%%%% STARTING IMIDAZOLE U_IND CALCULATION %%%%%%%%%%%%
-=-=-=-=-=-=-=-=-=-=-=-=-=-=-=-=-=-=-=-=-=-=-=-=-=-=-=-=-=-=-=-=-=
=-=-=-=-=-=-=-=-=-=-=-=-OpenMM Output-=-=-=-=-=-=-=-=-=-=-=-=-=-=-=-=-=
total Energy = -5.476830780506134 kJ/mol
<class 'openmm.openmm.NonbondedForce'>-6.050586700439453 kJ/mol
<class 'openmm.openmm.DrudeForce'>0.5737559199333191 kJ/mol
<class 'openmm.openmm.CMMotionRemover'>0.0 kJ/mol
Unable to initialize backend 'rocm': module 'jaxlib.xla_extension' has no attribute 'GpuAllocatorConfig'
Unable to initialize backend 'tpu': INTERNAL: Failed to open libtpu.so: libtpu.so: cannot open shared object file: No such file or directory
JAXOPT.BFGS Minimizer completed in 23.025 seconds!!
OpenMM U_ind = -5.4768 kJ/mol
Python U_ind = -19.8161 kJ/mol
72.36% Error
=-=-=-=-=-=-=-=-=-=-=-=-=-=-=-=-=-=-=-=-=-=-=-=-=-=-=-=-=-=-=-=-=-=-=-=
Log started at: 2025-02-17 11:13:48
%%%%%%%%%%% STARTING WATER U_IND CALCULATION %%%%%%%%%%%%
-=-=-=-=-=-=-=-=-=-=-=-=-=-=-=-=-=-=-=-=-=-=-=-=-=-=-=-=-=-=-=-=-=
Log started at: 2025-02-17 11:22:51
%%%%%%%%%%% STARTING WATER U_IND CALCULATION %%%%%%%%%%%%
-=-=-=-=-=-=-=-=-=-=-=-=-=-=-=-=-=-=-=-=-=-=-=-=-=-=-=-=-=-=-=-=-=
=-=-=-=-=-=-=-=-=-=-=-=-OpenMM Output-=-=-=-=-=-=-=-=-=-=-=-=-=-=-=-=-=
total Energy = -24.14799427986145 kJ/mol
<class 'openmm.openmm.NonbondedForce'>-26.1219482421875 kJ/mol
<class 'openmm.openmm.DrudeForce'>1.9739539623260498 kJ/mol
<class 'openmm.openmm.CMMotionRemover'>0.0 kJ/mol
Unable to initialize backend 'rocm': module 'jaxlib.xla_extension' has no attribute 'GpuAllocatorConfig'
Unable to initialize backend 'tpu': INTERNAL: Failed to open libtpu.so: libtpu.so: cannot open shared object file: No such file or directory
JAXOPT.BFGS Minimizer completed in 29.795 seconds!!
OpenMM U_ind = -24.1480 kJ/mol
Python U_ind = -24.1479 kJ/mol
0.00% Error
=-=-=-=-=-=-=-=-=-=-=-=-=-=-=-=-=-=-=-=-=-=-=-=-=-=-=-=-=-=-=-=-=-=-=-=

Log started at: 2025-02-17 11:29:23
%%%%%%%%%%% STARTING ACNIT U_IND CALCULATION %%%%%%%%%%%%
-=-=-=-=-=-=-=-=-=-=-=-=-=-=-=-=-=-=-=-=-=-=-=-=-=-=-=-=-=-=-=-=-=
=-=-=-=-=-=-=-=-=-=-=-=-OpenMM Output-=-=-=-=-=-=-=-=-=-=-=-=-=-=-=-=-=
total Energy = 8.728940725326538 kJ/mol
<class 'openmm.openmm.NonbondedForce'>7.776803970336914 kJ/mol
<class 'openmm.openmm.DrudeForce'>0.952136754989624 kJ/mol
<class 'openmm.openmm.CMMotionRemover'>0.0 kJ/mol
Unable to initialize backend 'rocm': module 'jaxlib.xla_extension' has no attribute 'GpuAllocatorConfig'
Unable to initialize backend 'tpu': INTERNAL: Failed to open libtpu.so: libtpu.so: cannot open shared object file: No such file or directory
JAXOPT.BFGS Minimizer completed in 29.074 seconds!!
OpenMM U_ind = 8.7289 kJ/mol
Python U_ind = 8.7294 kJ/mol
0.01% Error
=-=-=-=-=-=-=-=-=-=-=-=-=-=-=-=-=-=-=-=-=-=-=-=-=-=-=-=-=-=-=-=-=-=-=-=

Log started at: 2025-02-17 11:32:35
%%%%%%%%%%% STARTING IMIDAZOLE U_IND CALCULATION %%%%%%%%%%%%
-=-=-=-=-=-=-=-=-=-=-=-=-=-=-=-=-=-=-=-=-=-=-=-=-=-=-=-=-=-=-=-=-=
=-=-=-=-=-=-=-=-=-=-=-=-OpenMM Output-=-=-=-=-=-=-=-=-=-=-=-=-=-=-=-=-=
total Energy = 0.41626060009002686 kJ/mol
<class 'openmm.openmm.NonbondedForce'>-0.4206199645996094 kJ/mol
<class 'openmm.openmm.DrudeForce'>0.8368805646896362 kJ/mol
<class 'openmm.openmm.CMMotionRemover'>0.0 kJ/mol
Unable to initialize backend 'rocm': module 'jaxlib.xla_extension' has no attribute 'GpuAllocatorConfig'
Unable to initialize backend 'tpu': INTERNAL: Failed to open libtpu.so: libtpu.so: cannot open shared object file: No such file or directory
JAXOPT.BFGS Minimizer completed in 11.633 seconds!!
OpenMM U_ind = 0.4163 kJ/mol
Python U_ind = -21.0921 kJ/mol
101.97% Error
=-=-=-=-=-=-=-=-=-=-=-=-=-=-=-=-=-=-=-=-=-=-=-=-=-=-=-=-=-=-=-=-=-=-=-=

Log started at: 2025-02-17 11:45:00
%%%%%%%%%%% STARTING IMIDAZOLE U_IND CALCULATION %%%%%%%%%%%%
-=-=-=-=-=-=-=-=-=-=-=-=-=-=-=-=-=-=-=-=-=-=-=-=-=-=-=-=-=-=-=-=-=
=-=-=-=-=-=-=-=-=-=-=-=-OpenMM Output-=-=-=-=-=-=-=-=-=-=-=-=-=-=-=-=-=
total Energy = 15.153720520436764 kJ/mol
<class 'openmm.openmm.NonbondedForce'>15.079896926879883 kJ/mol
<class 'openmm.openmm.DrudeForce'>0.07382359355688095 kJ/mol
<class 'openmm.openmm.CMMotionRemover'>0.0 kJ/mol
Unable to initialize backend 'rocm': module 'jaxlib.xla_extension' has no attribute 'GpuAllocatorConfig'
Unable to initialize backend 'tpu': INTERNAL: Failed to open libtpu.so: libtpu.so: cannot open shared object file: No such file or directory
