Log started at: 2024-10-29 17:20:26
WATER-=-=-=-=-=-=-=-=-=-=-=-=-=-=-=-=-=-=-=-=-=-=-=-=-=-=-=-=-=-=-=-=-=
=-=-=-=-=-=-=-=-=-=-=-=-OpenMM Output-=-=-=-=-=-=-=-=-=-=-=-=-=-=-=-=-=
total Energy = -24.14799427986145 kJ/mol
<class 'openmm.openmm.NonbondedForce'>-26.1219482421875 kJ/mol
<class 'openmm.openmm.DrudeForce'>1.9739539623260498 kJ/mol
<class 'openmm.openmm.CMMotionRemover'>0.0 kJ/mol
Unable to initialize backend 'rocm': module 'jaxlib.xla_extension' has no attribute 'GpuAllocatorConfig'
Unable to initialize backend 'tpu': INTERNAL: Failed to open libtpu.so: libtpu.so: cannot open shared object file: No such file or directory
=-=-=-=-=-=-=-=-=-=-=-=-OpenMM Output-=-=-=-=-=-=-=-=-=-=-=-=-=-=-=-=-=
total Energy = -24.14799427986145 kJ/mol
<class 'openmm.openmm.NonbondedForce'>-26.1219482421875 kJ/mol
<class 'openmm.openmm.DrudeForce'>1.9739539623260498 kJ/mol
<class 'openmm.openmm.CMMotionRemover'>0.0 kJ/mol
JAXOPT.BFGS Minimizer completed in 6.907 seconds!!
OpenMM U_ind = -24.1480 kJ/mol
Python U_ind = -24.1479 kJ/mol
0.00% Error
=-=-=-=-=-=-=-=-=-=-=-=-=-=-=-=-=-=-=-=-=-=-=-=-=-=-=-=-=-=-=-=-=-=-=-=

ACETONITRILE=-=-=-=-=-=-=-=-=-=-=-=-=-=-=-=-=-=-=-=-=-=-=-=-=-=-=-=-=-=
=-=-=-=-=-=-=-=-=-=-=-=-OpenMM Output-=-=-=-=-=-=-=-=-=-=-=-=-=-=-=-=-=
total Energy = 8.728940725326538 kJ/mol
<class 'openmm.openmm.NonbondedForce'>7.776803970336914 kJ/mol
<class 'openmm.openmm.DrudeForce'>0.952136754989624 kJ/mol
<class 'openmm.openmm.CMMotionRemover'>0.0 kJ/mol
=-=-=-=-=-=-=-=-=-=-=-=-OpenMM Output-=-=-=-=-=-=-=-=-=-=-=-=-=-=-=-=-=
total Energy = 8.728940725326538 kJ/mol
<class 'openmm.openmm.NonbondedForce'>7.776803970336914 kJ/mol
<class 'openmm.openmm.DrudeForce'>0.952136754989624 kJ/mol
<class 'openmm.openmm.CMMotionRemover'>0.0 kJ/mol
JAXOPT.BFGS Minimizer completed in 4.743 seconds!!
OpenMM U_ind = 8.7289 kJ/mol
Python U_ind = 8.7230 kJ/mol
0.07% Error
=-=-=-=-=-=-=-=-=-=-=-=-=-=-=-=-=-=-=-=-=-=-=-=-=-=-=-=-=-=-=-=-=-=-=-=

